<?xml version="1.0" encoding="UTF-8"?>
<testng-results ignored="0" total="4" passed="4" failed="0" skipped="0">
  <reporter-output>
  </reporter-output>
  <suite started-at="2022-07-15T23:05:40 MYT" name="Suite" finished-at="2022-07-15T23:06:35 MYT" duration-ms="55082">
    <groups>
    </groups>
    <test started-at="2022-07-15T23:05:40 MYT" name="Test" finished-at="2022-07-15T23:06:35 MYT" duration-ms="55082">
      <class name="com.createorder.Logintoapp">
        <test-method is-config="true" signature="Initalization()[pri:0, instance:com.createorder.Logintoapp@5d534f5d]" started-at="2022-07-15T23:05:40 MYT" name="Initalization" finished-at="2022-07-15T23:05:51 MYT" duration-ms="11382" status="PASS">
          <reporter-output>
          </reporter-output>
        </test-method> <!-- Initalization -->
        <test-method signature="Selectorders()[pri:1, instance:com.createorder.Logintoapp@5d534f5d]" started-at="2022-07-15T23:05:51 MYT" name="Selectorders" finished-at="2022-07-15T23:06:16 MYT" duration-ms="24515" status="PASS">
          <reporter-output>
          </reporter-output>
        </test-method> <!-- Selectorders -->
        <test-method signature="siginapp()[pri:2, instance:com.createorder.Logintoapp@5d534f5d]" started-at="2022-07-15T23:06:16 MYT" name="siginapp" finished-at="2022-07-15T23:06:21 MYT" duration-ms="5445" status="PASS">
          <reporter-output>
          </reporter-output>
        </test-method> <!-- siginapp -->
        <test-method signature="shipping()[pri:3, instance:com.createorder.Logintoapp@5d534f5d]" started-at="2022-07-15T23:06:21 MYT" name="shipping" finished-at="2022-07-15T23:06:28 MYT" duration-ms="6065" status="PASS">
          <reporter-output>
          </reporter-output>
        </test-method> <!-- shipping -->
        <test-method signature="payment()[pri:4, instance:com.createorder.Logintoapp@5d534f5d]" started-at="2022-07-15T23:06:28 MYT" name="payment" finished-at="2022-07-15T23:06:35 MYT" duration-ms="7045" status="PASS">
          <reporter-output>
          </reporter-output>
        </test-method> <!-- payment -->
        <test-method is-config="true" signature="CleanUp()[pri:0, instance:com.createorder.Logintoapp@5d534f5d]" started-at="2022-07-15T23:06:35 MYT" name="CleanUp" finished-at="2022-07-15T23:06:35 MYT" duration-ms="472" status="PASS">
          <reporter-output>
          </reporter-output>
        </test-method> <!-- CleanUp -->
      </class> <!-- com.createorder.Logintoapp -->
    </test> <!-- Test -->
  </suite> <!-- Suite -->
</testng-results>
