<?xml version="1.0" encoding="UTF-8"?>
<!-- Generated by org.testng.reporters.JUnitXMLReporter -->
<testsuite ignored="0" hostname="DESKTOP-3AVQLFJ" failures="0" tests="4" name="Test" time="55.082" errors="0" timestamp="2022-07-15T23:06:35 MYT">
  <testcase classname="com.createorder.Logintoapp" name="Selectorders" time="24.515"/>
  <testcase classname="com.createorder.Logintoapp" name="siginapp" time="5.445"/>
  <testcase classname="com.createorder.Logintoapp" name="shipping" time="6.065"/>
  <testcase classname="com.createorder.Logintoapp" name="payment" time="7.045"/>
</testsuite> <!-- Test -->
