<?xml version="1.0" encoding="UTF-8"?>
<!-- Generated by org.testng.reporters.JUnitXMLReporter -->
<testsuite ignored="0" hostname="DESKTOP-3AVQLFJ" failures="0" tests="4" name="Default test" time="62.572" errors="0" timestamp="2022-07-15T22:56:06 MYT">
  <testcase classname="com.createorder.Logintoapp" name="Selectorders" time="22.29"/>
  <testcase classname="com.createorder.Logintoapp" name="siginapp" time="7.501"/>
  <testcase classname="com.createorder.Logintoapp" name="shipping" time="7.942"/>
  <testcase classname="com.createorder.Logintoapp" name="payment" time="10.492"/>
</testsuite> <!-- Default test -->
