<?xml version="1.0" encoding="UTF-8"?>
<testng-results ignored="0" total="2" passed="2" failed="0" skipped="0">
  <reporter-output>
  </reporter-output>
  <suite started-at="2022-07-13T23:15:11 MYT" name="Default suite" finished-at="2022-07-13T23:15:22 MYT" duration-ms="10563">
    <groups>
    </groups>
    <test started-at="2022-07-13T23:15:11 MYT" name="Default test" finished-at="2022-07-13T23:15:22 MYT" duration-ms="10563">
      <class name="com.smoketest.MultiTest">
        <test-method is-config="true" signature="Initalization()[pri:0, instance:com.smoketest.MultiTest@2e6a8155]" started-at="2022-07-13T23:15:11 MYT" name="Initalization" finished-at="2022-07-13T23:15:17 MYT" duration-ms="5897" status="PASS">
          <reporter-output>
          </reporter-output>
        </test-method> <!-- Initalization -->
        <test-method signature="SelectDropDown()[pri:1, instance:com.smoketest.MultiTest@2e6a8155]" started-at="2022-07-13T23:15:17 MYT" name="SelectDropDown" finished-at="2022-07-13T23:15:20 MYT" duration-ms="2401" status="PASS">
          <reporter-output>
          </reporter-output>
        </test-method> <!-- SelectDropDown -->
        <test-method signature="AdvanceDropDown()[pri:2, instance:com.smoketest.MultiTest@2e6a8155]" started-at="2022-07-13T23:15:20 MYT" name="AdvanceDropDown" finished-at="2022-07-13T23:15:22 MYT" depends-on-methods="com.smoketest.MultiTest.SelectDropDown" duration-ms="1784" status="PASS">
          <reporter-output>
          </reporter-output>
        </test-method> <!-- AdvanceDropDown -->
        <test-method is-config="true" signature="CleanUp()[pri:0, instance:com.smoketest.MultiTest@2e6a8155]" started-at="2022-07-13T23:15:22 MYT" name="CleanUp" finished-at="2022-07-13T23:15:22 MYT" duration-ms="359" status="PASS">
          <reporter-output>
          </reporter-output>
        </test-method> <!-- CleanUp -->
      </class> <!-- com.smoketest.MultiTest -->
    </test> <!-- Default test -->
  </suite> <!-- Default suite -->
</testng-results>
